Analysis & Synthesis report for gesture_display
Wed Mar 08 14:36:43 2023
Quartus II 64-Bit Version 12.0 Build 178 05/31/2012 SJ Full Version


---------------------
; Table of Contents ;
---------------------
  1. Legal Notice
  2. Analysis & Synthesis Summary
  3. Analysis & Synthesis Settings
  4. Parallel Compilation
  5. Analysis & Synthesis Source Files Read
  6. Analysis & Synthesis Resource Usage Summary
  7. Analysis & Synthesis Resource Utilization by Entity
  8. General Register Statistics
  9. Multiplexer Restructuring Statistics (Restructuring Performed)
 10. Elapsed Time Per Partition
 11. Analysis & Synthesis Messages



----------------
; Legal Notice ;
----------------
Copyright (C) 1991-2012 Altera Corporation
Your use of Altera Corporation's design tools, logic functions 
and other software and tools, and its AMPP partner logic 
functions, and any output files from any of the foregoing 
(including device programming or simulation files), and any 
associated documentation or information are expressly subject 
to the terms and conditions of the Altera Program License 
Subscription Agreement, Altera MegaCore Function License 
Agreement, or other applicable license agreement, including, 
without limitation, that your use is for the sole purpose of 
programming logic devices manufactured by Altera and sold by 
Altera or its authorized distributors.  Please refer to the 
applicable agreement for further details.



+-------------------------------------------------------------------------+
; Analysis & Synthesis Summary                                            ;
+-----------------------------+-------------------------------------------+
; Analysis & Synthesis Status ; Successful - Wed Mar 08 14:36:43 2023     ;
; Quartus II 64-Bit Version   ; 12.0 Build 178 05/31/2012 SJ Full Version ;
; Revision Name               ; gesture_display                           ;
; Top-level Entity Name       ; gesture_display                           ;
; Family                      ; Cyclone                                   ;
; Total logic elements        ; 66                                        ;
; Total pins                  ; 23                                        ;
; Total virtual pins          ; 0                                         ;
; Total memory bits           ; 0                                         ;
; Total PLLs                  ; 0                                         ;
+-----------------------------+-------------------------------------------+


+----------------------------------------------------------------------------------------------------------------------+
; Analysis & Synthesis Settings                                                                                        ;
+----------------------------------------------------------------------------+--------------------+--------------------+
; Option                                                                     ; Setting            ; Default Value      ;
+----------------------------------------------------------------------------+--------------------+--------------------+
; Device                                                                     ; EP1C3T144C8        ;                    ;
; Top-level entity name                                                      ; gesture_display    ; gesture_display    ;
; Family name                                                                ; Cyclone            ; Cyclone IV GX      ;
; Use smart compilation                                                      ; Off                ; Off                ;
; Enable parallel Assembler and TimeQuest Timing Analyzer during compilation ; On                 ; On                 ;
; Enable compact report table                                                ; Off                ; Off                ;
; Restructure Multiplexers                                                   ; Auto               ; Auto               ;
; Create Debugging Nodes for IP Cores                                        ; Off                ; Off                ;
; Preserve fewer node names                                                  ; On                 ; On                 ;
; Disable OpenCore Plus hardware evaluation                                  ; Off                ; Off                ;
; Verilog Version                                                            ; Verilog_2001       ; Verilog_2001       ;
; VHDL Version                                                               ; VHDL_1993          ; VHDL_1993          ;
; State Machine Processing                                                   ; Auto               ; Auto               ;
; Safe State Machine                                                         ; Off                ; Off                ;
; Extract Verilog State Machines                                             ; On                 ; On                 ;
; Extract VHDL State Machines                                                ; On                 ; On                 ;
; Ignore Verilog initial constructs                                          ; Off                ; Off                ;
; Iteration limit for constant Verilog loops                                 ; 5000               ; 5000               ;
; Iteration limit for non-constant Verilog loops                             ; 250                ; 250                ;
; Add Pass-Through Logic to Inferred RAMs                                    ; On                 ; On                 ;
; Infer RAMs from Raw Logic                                                  ; On                 ; On                 ;
; Parallel Synthesis                                                         ; On                 ; On                 ;
; NOT Gate Push-Back                                                         ; On                 ; On                 ;
; Power-Up Don't Care                                                        ; On                 ; On                 ;
; Remove Redundant Logic Cells                                               ; Off                ; Off                ;
; Remove Duplicate Registers                                                 ; On                 ; On                 ;
; Ignore CARRY Buffers                                                       ; Off                ; Off                ;
; Ignore CASCADE Buffers                                                     ; Off                ; Off                ;
; Ignore GLOBAL Buffers                                                      ; Off                ; Off                ;
; Ignore ROW GLOBAL Buffers                                                  ; Off                ; Off                ;
; Ignore LCELL Buffers                                                       ; Off                ; Off                ;
; Ignore SOFT Buffers                                                        ; On                 ; On                 ;
; Limit AHDL Integers to 32 Bits                                             ; Off                ; Off                ;
; Optimization Technique                                                     ; Balanced           ; Balanced           ;
; Carry Chain Length                                                         ; 70                 ; 70                 ;
; Auto Carry Chains                                                          ; On                 ; On                 ;
; Auto Open-Drain Pins                                                       ; On                 ; On                 ;
; Perform WYSIWYG Primitive Resynthesis                                      ; Off                ; Off                ;
; Auto ROM Replacement                                                       ; On                 ; On                 ;
; Auto RAM Replacement                                                       ; On                 ; On                 ;
; Auto Shift Register Replacement                                            ; Auto               ; Auto               ;
; Allow Shift Register Merging across Hierarchies                            ; Auto               ; Auto               ;
; Auto Clock Enable Replacement                                              ; On                 ; On                 ;
; Strict RAM Replacement                                                     ; Off                ; Off                ;
; Allow Synchronous Control Signals                                          ; On                 ; On                 ;
; Force Use of Synchronous Clear Signals                                     ; Off                ; Off                ;
; Auto RAM Block Balancing                                                   ; On                 ; On                 ;
; Auto RAM to Logic Cell Conversion                                          ; Off                ; Off                ;
; Auto Resource Sharing                                                      ; Off                ; Off                ;
; Allow Any RAM Size For Recognition                                         ; Off                ; Off                ;
; Allow Any ROM Size For Recognition                                         ; Off                ; Off                ;
; Allow Any Shift Register Size For Recognition                              ; Off                ; Off                ;
; Use LogicLock Constraints during Resource Balancing                        ; On                 ; On                 ;
; Ignore translate_off and synthesis_off directives                          ; Off                ; Off                ;
; Report Parameter Settings                                                  ; On                 ; On                 ;
; Report Source Assignments                                                  ; On                 ; On                 ;
; Report Connectivity Checks                                                 ; On                 ; On                 ;
; Ignore Maximum Fan-Out Assignments                                         ; Off                ; Off                ;
; Synchronization Register Chain Length                                      ; 2                  ; 2                  ;
; PowerPlay Power Optimization                                               ; Normal compilation ; Normal compilation ;
; HDL message level                                                          ; Level2             ; Level2             ;
; Suppress Register Optimization Related Messages                            ; Off                ; Off                ;
; Number of Removed Registers Reported in Synthesis Report                   ; 5000               ; 5000               ;
; Number of Swept Nodes Reported in Synthesis Report                         ; 5000               ; 5000               ;
; Number of Inverted Registers Reported in Synthesis Report                  ; 100                ; 100                ;
; Clock MUX Protection                                                       ; On                 ; On                 ;
; Block Design Naming                                                        ; Auto               ; Auto               ;
; Synthesis Effort                                                           ; Auto               ; Auto               ;
; Shift Register Replacement - Allow Asynchronous Clear Signal               ; On                 ; On                 ;
; Analysis & Synthesis Message Level                                         ; Medium             ; Medium             ;
; Disable Register Merging Across Hierarchies                                ; Auto               ; Auto               ;
; Resource Aware Inference For Block RAM                                     ; On                 ; On                 ;
; Synthesis Seed                                                             ; 1                  ; 1                  ;
+----------------------------------------------------------------------------+--------------------+--------------------+


+------------------------------------------+
; Parallel Compilation                     ;
+----------------------------+-------------+
; Processors                 ; Number      ;
+----------------------------+-------------+
; Number detected on machine ; 2           ;
; Maximum allowed            ; 2           ;
;                            ;             ;
; Average used               ; 1.00        ;
; Maximum used               ; 1           ;
;                            ;             ;
; Usage by Processor         ; % Time Used ;
;     1 processor            ; 100.0%      ;
;     2 processors           ;   0.0%      ;
+----------------------------+-------------+


+-----------------------------------------------------------------------------------------------------------------------------------------------------------------+
; Analysis & Synthesis Source Files Read                                                                                                                          ;
+----------------------------------+-----------------+-----------------+--------------------------------------------------------------------------------+---------+
; File Name with User-Entered Path ; Used in Netlist ; File Type       ; File Name with Absolute Path                                                   ; Library ;
+----------------------------------+-----------------+-----------------+--------------------------------------------------------------------------------+---------+
; gesture_display.vhd              ; yes             ; User VHDL File  ; C:/Users/USUARIO/OneDrive/Escritorio/Board/gesture_display/gesture_display.vhd ;         ;
+----------------------------------+-----------------+-----------------+--------------------------------------------------------------------------------+---------+


+------------------------------------------------------+
; Analysis & Synthesis Resource Usage Summary          ;
+---------------------------------------------+--------+
; Resource                                    ; Usage  ;
+---------------------------------------------+--------+
; Total logic elements                        ; 66     ;
;     -- Combinational with no register       ; 47     ;
;     -- Register only                        ; 9      ;
;     -- Combinational with a register        ; 10     ;
;                                             ;        ;
; Logic element usage by number of LUT inputs ;        ;
;     -- 4 input functions                    ; 18     ;
;     -- 3 input functions                    ; 13     ;
;     -- 2 input functions                    ; 25     ;
;     -- 1 input functions                    ; 1      ;
;     -- 0 input functions                    ; 0      ;
;                                             ;        ;
; Logic elements by mode                      ;        ;
;     -- normal mode                          ; 51     ;
;     -- arithmetic mode                      ; 15     ;
;     -- qfbk mode                            ; 0      ;
;     -- register cascade mode                ; 0      ;
;     -- synchronous clear/load mode          ; 0      ;
;     -- asynchronous clear/load mode         ; 0      ;
;                                             ;        ;
; Total registers                             ; 19     ;
; Total logic cells in carry chains           ; 16     ;
; I/O pins                                    ; 23     ;
; Maximum fan-out node                        ; sel[0] ;
; Maximum fan-out                             ; 22     ;
; Total fan-out                               ; 206    ;
; Average fan-out                             ; 2.31   ;
+---------------------------------------------+--------+


+-----------------------------------------------------------------------------------------------------------------------------------------------------------------------------------------------------------------------+
; Analysis & Synthesis Resource Utilization by Entity                                                                                                                                                                   ;
+----------------------------+-------------+--------------+-------------+------+--------------+--------------+-------------------+------------------+-----------------+------------+---------------------+--------------+
; Compilation Hierarchy Node ; Logic Cells ; LC Registers ; Memory Bits ; Pins ; Virtual Pins ; LUT-Only LCs ; Register-Only LCs ; LUT/Register LCs ; Carry Chain LCs ; Packed LCs ; Full Hierarchy Name ; Library Name ;
+----------------------------+-------------+--------------+-------------+------+--------------+--------------+-------------------+------------------+-----------------+------------+---------------------+--------------+
; |gesture_display           ; 66 (66)     ; 19           ; 0           ; 23   ; 0            ; 47 (47)      ; 9 (9)             ; 10 (10)          ; 16 (16)         ; 0 (0)      ; |gesture_display    ;              ;
+----------------------------+-------------+--------------+-------------+------+--------------+--------------+-------------------+------------------+-----------------+------------+---------------------+--------------+
Note: For table entries with two numbers listed, the numbers in parentheses indicate the number of resources of the given type used by the specific entity alone. The numbers listed outside of parentheses indicate the total resources of the given type used by the specific entity and all of its sub-entities in the hierarchy.


+------------------------------------------------------+
; General Register Statistics                          ;
+----------------------------------------------+-------+
; Statistic                                    ; Value ;
+----------------------------------------------+-------+
; Total registers                              ; 19    ;
; Number of registers using Synchronous Clear  ; 0     ;
; Number of registers using Synchronous Load   ; 0     ;
; Number of registers using Asynchronous Clear ; 0     ;
; Number of registers using Asynchronous Load  ; 0     ;
; Number of registers using Clock Enable       ; 0     ;
; Number of registers using Preset             ; 0     ;
+----------------------------------------------+-------+


+------------------------------------------------------------------------------------------------------------------------------------------------------+
; Multiplexer Restructuring Statistics (Restructuring Performed)                                                                                       ;
+--------------------+-----------+---------------+----------------------+------------------------+------------------------+----------------------------+
; Multiplexer Inputs ; Bus Width ; Baseline Area ; Area if Restructured ; Saving if Restructured ; Registered             ; Example Multiplexer Output ;
+--------------------+-----------+---------------+----------------------+------------------------+------------------------+----------------------------+
; 4:1                ; 2 bits    ; 4 LEs         ; 4 LEs                ; 0 LEs                  ; |gesture_display|Mux15 ;                            ;
; 6:1                ; 2 bits    ; 8 LEs         ; 6 LEs                ; 2 LEs                  ; |gesture_display|Mux14 ;                            ;
+--------------------+-----------+---------------+----------------------+------------------------+------------------------+----------------------------+


+-------------------------------+
; Elapsed Time Per Partition    ;
+----------------+--------------+
; Partition Name ; Elapsed Time ;
+----------------+--------------+
; Top            ; 00:00:04     ;
+----------------+--------------+


+-------------------------------+
; Analysis & Synthesis Messages ;
+-------------------------------+
Info: *******************************************************************
Info: Running Quartus II 64-Bit Analysis & Synthesis
    Info: Version 12.0 Build 178 05/31/2012 SJ Full Version
    Info: Processing started: Wed Mar 08 14:36:27 2023
Info: Command: quartus_map --read_settings_files=on --write_settings_files=off gesture_display -c gesture_display
Info (20030): Parallel compilation is enabled and will use 2 of the 2 processors detected
Info (12021): Found 2 design units, including 1 entities, in source file gesture_display.vhd
    Info (12022): Found design unit 1: gesture_display-logic
    Info (12023): Found entity 1: gesture_display
Info (12127): Elaborating entity "gesture_display" for the top level hierarchy
Warning (10631): VHDL Process Statement warning at gesture_display.vhd(62): inferring latch(es) for signal or variable "columna_0", which holds its previous value in one or more paths through the process
Warning (10631): VHDL Process Statement warning at gesture_display.vhd(62): inferring latch(es) for signal or variable "columna_1", which holds its previous value in one or more paths through the process
Warning (10631): VHDL Process Statement warning at gesture_display.vhd(62): inferring latch(es) for signal or variable "columna_2", which holds its previous value in one or more paths through the process
Warning (10631): VHDL Process Statement warning at gesture_display.vhd(62): inferring latch(es) for signal or variable "columna_3", which holds its previous value in one or more paths through the process
Warning (10631): VHDL Process Statement warning at gesture_display.vhd(62): inferring latch(es) for signal or variable "columna_4", which holds its previous value in one or more paths through the process
Warning (10631): VHDL Process Statement warning at gesture_display.vhd(62): inferring latch(es) for signal or variable "columna_5", which holds its previous value in one or more paths through the process
Warning (10631): VHDL Process Statement warning at gesture_display.vhd(62): inferring latch(es) for signal or variable "columna_6", which holds its previous value in one or more paths through the process
Warning (10631): VHDL Process Statement warning at gesture_display.vhd(62): inferring latch(es) for signal or variable "columna_7", which holds its previous value in one or more paths through the process
Info (10041): Inferred latch for "columna_7[0]" at gesture_display.vhd(62)
Info (10041): Inferred latch for "columna_7[1]" at gesture_display.vhd(62)
Info (10041): Inferred latch for "columna_7[2]" at gesture_display.vhd(62)
Info (10041): Inferred latch for "columna_7[3]" at gesture_display.vhd(62)
Info (10041): Inferred latch for "columna_7[4]" at gesture_display.vhd(62)
Info (10041): Inferred latch for "columna_7[5]" at gesture_display.vhd(62)
Info (10041): Inferred latch for "columna_7[6]" at gesture_display.vhd(62)
Info (10041): Inferred latch for "columna_7[7]" at gesture_display.vhd(62)
Info (10041): Inferred latch for "columna_6[0]" at gesture_display.vhd(62)
Info (10041): Inferred latch for "columna_6[1]" at gesture_display.vhd(62)
Info (10041): Inferred latch for "columna_6[2]" at gesture_display.vhd(62)
Info (10041): Inferred latch for "columna_6[3]" at gesture_display.vhd(62)
Info (10041): Inferred latch for "columna_6[4]" at gesture_display.vhd(62)
Info (10041): Inferred latch for "columna_6[5]" at gesture_display.vhd(62)
Info (10041): Inferred latch for "columna_6[6]" at gesture_display.vhd(62)
Info (10041): Inferred latch for "columna_6[7]" at gesture_display.vhd(62)
Info (10041): Inferred latch for "columna_5[0]" at gesture_display.vhd(62)
Info (10041): Inferred latch for "columna_5[1]" at gesture_display.vhd(62)
Info (10041): Inferred latch for "columna_5[2]" at gesture_display.vhd(62)
Info (10041): Inferred latch for "columna_5[3]" at gesture_display.vhd(62)
Info (10041): Inferred latch for "columna_5[4]" at gesture_display.vhd(62)
Info (10041): Inferred latch for "columna_5[5]" at gesture_display.vhd(62)
Info (10041): Inferred latch for "columna_5[6]" at gesture_display.vhd(62)
Info (10041): Inferred latch for "columna_5[7]" at gesture_display.vhd(62)
Info (10041): Inferred latch for "columna_4[0]" at gesture_display.vhd(62)
Info (10041): Inferred latch for "columna_4[1]" at gesture_display.vhd(62)
Info (10041): Inferred latch for "columna_4[2]" at gesture_display.vhd(62)
Info (10041): Inferred latch for "columna_4[3]" at gesture_display.vhd(62)
Info (10041): Inferred latch for "columna_4[4]" at gesture_display.vhd(62)
Info (10041): Inferred latch for "columna_4[5]" at gesture_display.vhd(62)
Info (10041): Inferred latch for "columna_4[6]" at gesture_display.vhd(62)
Info (10041): Inferred latch for "columna_4[7]" at gesture_display.vhd(62)
Info (10041): Inferred latch for "columna_3[0]" at gesture_display.vhd(62)
Info (10041): Inferred latch for "columna_3[1]" at gesture_display.vhd(62)
Info (10041): Inferred latch for "columna_3[2]" at gesture_display.vhd(62)
Info (10041): Inferred latch for "columna_3[3]" at gesture_display.vhd(62)
Info (10041): Inferred latch for "columna_3[4]" at gesture_display.vhd(62)
Info (10041): Inferred latch for "columna_3[5]" at gesture_display.vhd(62)
Info (10041): Inferred latch for "columna_3[6]" at gesture_display.vhd(62)
Info (10041): Inferred latch for "columna_3[7]" at gesture_display.vhd(62)
Info (10041): Inferred latch for "columna_2[0]" at gesture_display.vhd(62)
Info (10041): Inferred latch for "columna_2[1]" at gesture_display.vhd(62)
Info (10041): Inferred latch for "columna_2[2]" at gesture_display.vhd(62)
Info (10041): Inferred latch for "columna_2[3]" at gesture_display.vhd(62)
Info (10041): Inferred latch for "columna_2[4]" at gesture_display.vhd(62)
Info (10041): Inferred latch for "columna_2[5]" at gesture_display.vhd(62)
Info (10041): Inferred latch for "columna_2[6]" at gesture_display.vhd(62)
Info (10041): Inferred latch for "columna_2[7]" at gesture_display.vhd(62)
Info (10041): Inferred latch for "columna_1[0]" at gesture_display.vhd(62)
Info (10041): Inferred latch for "columna_1[1]" at gesture_display.vhd(62)
Info (10041): Inferred latch for "columna_1[2]" at gesture_display.vhd(62)
Info (10041): Inferred latch for "columna_1[3]" at gesture_display.vhd(62)
Info (10041): Inferred latch for "columna_1[4]" at gesture_display.vhd(62)
Info (10041): Inferred latch for "columna_1[5]" at gesture_display.vhd(62)
Info (10041): Inferred latch for "columna_1[6]" at gesture_display.vhd(62)
Info (10041): Inferred latch for "columna_1[7]" at gesture_display.vhd(62)
Info (10041): Inferred latch for "columna_0[0]" at gesture_display.vhd(62)
Info (10041): Inferred latch for "columna_0[1]" at gesture_display.vhd(62)
Info (10041): Inferred latch for "columna_0[2]" at gesture_display.vhd(62)
Info (10041): Inferred latch for "columna_0[3]" at gesture_display.vhd(62)
Info (10041): Inferred latch for "columna_0[4]" at gesture_display.vhd(62)
Info (10041): Inferred latch for "columna_0[5]" at gesture_display.vhd(62)
Info (10041): Inferred latch for "columna_0[6]" at gesture_display.vhd(62)
Info (10041): Inferred latch for "columna_0[7]" at gesture_display.vhd(62)
Info (16010): Generating hard_block partition "hard_block:auto_generated_inst"
    Info (16011): Adding 0 node(s), including 0 DDIO, 0 PLL, 0 transceiver and 0 LCELL
Warning (21074): Design contains 4 input pin(s) that do not drive logic
    Warning (15610): No output dependent on input pin "IO_SDA_PI"
    Warning (15610): No output dependent on input pin "IO_SDA_SLAVE"
    Warning (15610): No output dependent on input pin "IO_SCL_PI"
    Warning (15610): No output dependent on input pin "IO_SCL_SLAVE"
Info (21057): Implemented 89 device resources after synthesis - the final resource count might be different
    Info (21058): Implemented 7 input pins
    Info (21059): Implemented 16 output pins
    Info (21061): Implemented 66 logic cells
Info: Quartus II 64-Bit Analysis & Synthesis was successful. 0 errors, 13 warnings
    Info: Peak virtual memory: 4581 megabytes
    Info: Processing ended: Wed Mar 08 14:36:43 2023
    Info: Elapsed time: 00:00:16
    Info: Total CPU time (on all processors): 00:00:04


